# JRE version: Java(TM) SE Runtime Environment (8.0_181-b13) (build 1.8.0_181-b13)
# Java VM: Java HotSpot(TM) 64-Bit Server VM (25.181-b13 mixed mode bsd-amd64 compressed oops)
Heap:
 PSYoungGen      total 31232K, used 5600K [0x0000000795580000, 0x0000000797c80000, 0x00000007c0000000)
  eden space 25600K, 0% used [0x0000000795580000,0x0000000795580000,0x0000000796e80000)
  from space 5632K, 99% used [0x0000000796e80000,0x00000007973f8010,0x0000000797400000)
  to   space 6656K, 0% used [0x0000000797600000,0x0000000797600000,0x0000000797c80000)
 ParOldGen       total 86016K, used 46720K [0x0000000740000000, 0x0000000745400000, 0x0000000795580000)
  object space 86016K, 54% used [0x0000000740000000,0x0000000742da0260,0x0000000745400000)
 Metaspace       used 52953K, capacity 56505K, committed 56704K, reserved 1097728K
  class space    used 7295K, capacity 7945K, committed 8064K, reserved 1048576K
GC Heap History (10 events):
Event: 535.358 GC heap after
Heap after GC invocations=243 (full 2):
 PSYoungGen      total 31232K, used 2208K [0x0000000795580000, 0x0000000797880000, 0x00000007c0000000)
  eden space 26624K, 0% used [0x0000000795580000,0x0000000795580000,0x0000000796f80000)
  from space 4608K, 47% used [0x0000000796f80000,0x00000007971a8010,0x0000000797400000)
  to   space 4608K, 0% used [0x0000000797400000,0x0000000797400000,0x0000000797880000)
 ParOldGen       total 86016K, used 45461K [0x0000000740000000, 0x0000000745400000, 0x0000000795580000)
  object space 86016K, 52% used [0x0000000740000000,0x0000000742c65620,0x0000000745400000)
 Metaspace       used 52820K, capacity 56317K, committed 56576K, reserved 1097728K
  class space    used 7265K, capacity 7890K, committed 7936K, reserved 1048576K
}
Event: 536.794 GC heap before
{Heap before GC invocations=244 (full 2):
 PSYoungGen      total 31232K, used 28832K [0x0000000795580000, 0x0000000797880000, 0x00000007c0000000)
  eden space 26624K, 100% used [0x0000000795580000,0x0000000796f80000,0x0000000796f80000)
  from space 4608K, 47% used [0x0000000796f80000,0x00000007971a8010,0x0000000797400000)
  to   space 4608K, 0% used [0x0000000797400000,0x0000000797400000,0x0000000797880000)
 ParOldGen       total 86016K, used 45461K [0x0000000740000000, 0x0000000745400000, 0x0000000795580000)
  object space 86016K, 52% used [0x0000000740000000,0x0000000742c65620,0x0000000745400000)
 Metaspace       used 52820K, capacity 56317K, committed 56576K, reserved 1097728K
  class space    used 7265K, capacity 7890K, committed 7936K, reserved 1048576K
Event: 536.796 GC heap after
Heap after GC invocations=244 (full 2):
 PSYoungGen      total 31232K, used 1008K [0x0000000795580000, 0x0000000797880000, 0x00000007c0000000)
  eden space 26624K, 0% used [0x0000000795580000,0x0000000795580000,0x0000000796f80000)
  from space 4608K, 21% used [0x0000000797400000,0x00000007974fc010,0x0000000797880000)
  to   space 4608K, 0% used [0x0000000796f80000,0x0000000796f80000,0x0000000797400000)
 ParOldGen       total 86016K, used 45461K [0x0000000740000000, 0x0000000745400000, 0x0000000795580000)
  object space 86016K, 52% used [0x0000000740000000,0x0000000742c65620,0x0000000745400000)
 Metaspace       used 52820K, capacity 56317K, committed 56576K, reserved 1097728K
  class space    used 7265K, capacity 7890K, committed 7936K, reserved 1048576K
}
Event: 537.958 GC heap before
{Heap before GC invocations=245 (full 2):
 PSYoungGen      total 31232K, used 27632K [0x0000000795580000, 0x0000000797880000, 0x00000007c0000000)
  eden space 26624K, 100% used [0x0000000795580000,0x0000000796f80000,0x0000000796f80000)
  from space 4608K, 21% used [0x0000000797400000,0x00000007974fc010,0x0000000797880000)
  to   space 4608K, 0% used [0x0000000796f80000,0x0000000796f80000,0x0000000797400000)
 ParOldGen       total 86016K, used 45461K [0x0000000740000000, 0x0000000745400000, 0x0000000795580000)
  object space 86016K, 52% used [0x0000000740000000,0x0000000742c65620,0x0000000745400000)
 Metaspace       used 52820K, capacity 56317K, committed 56576K, reserved 1097728K
  class space    used 7265K, capacity 7890K, committed 7936K, reserved 1048576K
Event: 537.975 GC heap after
Heap after GC invocations=245 (full 2):
 PSYoungGen      total 31232K, used 3008K [0x0000000795580000, 0x0000000797880000, 0x00000007c0000000)
  eden space 26624K, 0% used [0x0000000795580000,0x0000000795580000,0x0000000796f80000)
  from space 4608K, 65% used [0x0000000796f80000,0x0000000797270010,0x0000000797400000)
  to   space 4608K, 0% used [0x0000000797400000,0x0000000797400000,0x0000000797880000)
 ParOldGen       total 86016K, used 45461K [0x0000000740000000, 0x0000000745400000, 0x0000000795580000)
  object space 86016K, 52% used [0x0000000740000000,0x0000000742c65620,0x0000000745400000)
 Metaspace       used 52820K, capacity 56317K, committed 56576K, reserved 1097728K
  class space    used 7265K, capacity 7890K, committed 7936K, reserved 1048576K
}
Event: 539.439 GC heap before
{Heap before GC invocations=246 (full 2):
 PSYoungGen      total 31232K, used 29632K [0x0000000795580000, 0x0000000797880000, 0x00000007c0000000)
  eden space 26624K, 100% used [0x0000000795580000,0x0000000796f80000,0x0000000796f80000)
  from space 4608K, 65% used [0x0000000796f80000,0x0000000797270010,0x0000000797400000)
  to   space 4608K, 0% used [0x0000000797400000,0x0000000797400000,0x0000000797880000)
 ParOldGen       total 86016K, used 45461K [0x0000000740000000, 0x0000000745400000, 0x0000000795580000)
  object space 86016K, 52% used [0x0000000740000000,0x0000000742c65620,0x0000000745400000)
 Metaspace       used 52820K, capacity 56317K, committed 56576K, reserved 1097728K
  class space    used 7265K, capacity 7890K, committed 7936K, reserved 1048576K
Event: 539.443 GC heap after
Heap after GC invocations=246 (full 2):
 PSYoungGen      total 30208K, used 4576K [0x0000000795580000, 0x0000000797a80000, 0x00000007c0000000)
  eden space 25600K, 0% used [0x0000000795580000,0x0000000795580000,0x0000000796e80000)
  from space 4608K, 99% used [0x0000000797400000,0x0000000797878020,0x0000000797880000)
  to   space 5632K, 0% used [0x0000000796e80000,0x0000000796e80000,0x0000000797400000)
 ParOldGen       total 86016K, used 46013K [0x0000000740000000, 0x0000000745400000, 0x0000000795580000)
  object space 86016K, 53% used [0x0000000740000000,0x0000000742cef620,0x0000000745400000)
 Metaspace       used 52820K, capacity 56317K, committed 56576K, reserved 1097728K
  class space    used 7265K, capacity 7890K, committed 7936K, reserved 1048576K
}
Event: 542.766 GC heap before
{Heap before GC invocations=247 (full 2):
 PSYoungGen      total 30208K, used 29647K [0x0000000795580000, 0x0000000797a80000, 0x00000007c0000000)
  eden space 25600K, 97% used [0x0000000795580000,0x0000000796dfbd68,0x0000000796e80000)
  from space 4608K, 99% used [0x0000000797400000,0x0000000797878020,0x0000000797880000)
  to   space 5632K, 0% used [0x0000000796e80000,0x0000000796e80000,0x0000000797400000)
 ParOldGen       total 86016K, used 46013K [0x0000000740000000, 0x0000000745400000, 0x0000000795580000)
  object space 86016K, 53% used [0x0000000740000000,0x0000000742cef620,0x0000000745400000)
 Metaspace       used 52953K, capacity 56505K, committed 56704K, reserved 1097728K
  class space    used 7295K, capacity 7945K, committed 8064K, reserved 1048576K
Event: 542.771 GC heap after
Heap after GC invocations=247 (full 2):
 PSYoungGen      total 31232K, used 5600K [0x0000000795580000, 0x0000000797c80000, 0x00000007c0000000)
  eden space 25600K, 0% used [0x0000000795580000,0x0000000795580000,0x0000000796e80000)
  from space 5632K, 99% used [0x0000000796e80000,0x00000007973f8010,0x0000000797400000)
  to   space 6656K, 0% used [0x0000000797600000,0x0000000797600000,0x0000000797c80000)
 ParOldGen       total 86016K, used 46720K [0x0000000740000000, 0x0000000745400000, 0x0000000795580000)
  object space 86016K, 54% used [0x0000000740000000,0x0000000742da0260,0x0000000745400000)
 Metaspace       used 52953K, capacity 56505K, committed 56704K, reserved 1097728K
  class space    used 7295K, capacity 7945K, committed 8064K, reserved 1048576K
}
Event: 542.771 GC heap before
{Heap before GC invocations=248 (full 3):
 PSYoungGen      total 31232K, used 5600K [0x0000000795580000, 0x0000000797c80000, 0x00000007c0000000)
  eden space 25600K, 0% used [0x0000000795580000,0x0000000795580000,0x0000000796e80000)
  from space 5632K, 99% used [0x0000000796e80000,0x00000007973f8010,0x0000000797400000)
  to   space 6656K, 0% used [0x0000000797600000,0x0000000797600000,0x0000000797c80000)
 ParOldGen       total 86016K, used 46720K [0x0000000740000000, 0x0000000745400000, 0x0000000795580000)
  object space 86016K, 54% used [0x0000000740000000,0x0000000742da0260,0x0000000745400000)
 Metaspace       used 52953K, capacity 56505K, committed 56704K, reserved 1097728K
  class space    used 7295K, capacity 7945K, committed 8064K, reserved 1048576K

