# JRE version: Java(TM) SE Runtime Environment (8.0_181-b13) (build 1.8.0_181-b13)
# Java VM: Java HotSpot(TM) 64-Bit Server VM (25.181-b13 mixed mode bsd-amd64 compressed oops)
Heap:
 PSYoungGen      total 65024K, used 47639K [0x0000000795580000, 0x0000000799e80000, 0x00000007c0000000)
  eden space 61440K, 72% used [0x0000000795580000,0x00000007980bdda8,0x0000000799180000)
  from space 3584K, 93% used [0x0000000799280000,0x00000007995c8010,0x0000000799600000)
  to   space 6656K, 0% used [0x0000000799800000,0x0000000799800000,0x0000000799e80000)
 ParOldGen       total 88064K, used 60092K [0x0000000740000000, 0x0000000745600000, 0x0000000795580000)
  object space 88064K, 68% used [0x0000000740000000,0x0000000743aaf380,0x0000000745600000)
 Metaspace       used 55762K, capacity 60244K, committed 60544K, reserved 1101824K
  class space    used 7669K, capacity 8470K, committed 8576K, reserved 1048576K
GC Heap History (10 events):
Event: 1172.074 GC heap before
{Heap before GC invocations=608 (full 9):
 PSYoungGen      total 74752K, used 69872K [0x0000000795580000, 0x000000079a780000, 0x00000007c0000000)
  eden space 68608K, 100% used [0x0000000795580000,0x0000000799880000,0x0000000799880000)
  from space 6144K, 20% used [0x000000079a180000,0x000000079a2bc010,0x000000079a780000)
  to   space 7680K, 0% used [0x0000000799880000,0x0000000799880000,0x000000079a000000)
 ParOldGen       total 88064K, used 59949K [0x0000000740000000, 0x0000000745600000, 0x0000000795580000)
  object space 88064K, 68% used [0x0000000740000000,0x0000000743a8b590,0x0000000745600000)
 Metaspace       used 55762K, capacity 60244K, committed 60544K, reserved 1101824K
  class space    used 7669K, capacity 8470K, committed 8576K, reserved 1048576K
Event: 1172.080 GC heap after
Heap after GC invocations=608 (full 9):
 PSYoungGen      total 70656K, used 3200K [0x0000000795580000, 0x000000079a500000, 0x00000007c0000000)
  eden space 67072K, 0% used [0x0000000795580000,0x0000000795580000,0x0000000799700000)
  from space 3584K, 89% used [0x0000000799880000,0x0000000799ba0010,0x0000000799c00000)
  to   space 7168K, 0% used [0x0000000799e00000,0x0000000799e00000,0x000000079a500000)
 ParOldGen       total 88064K, used 59949K [0x0000000740000000, 0x0000000745600000, 0x0000000795580000)
  object space 88064K, 68% used [0x0000000740000000,0x0000000743a8b590,0x0000000745600000)
 Metaspace       used 55762K, capacity 60244K, committed 60544K, reserved 1101824K
  class space    used 7669K, capacity 8470K, committed 8576K, reserved 1048576K
}
Event: 1174.806 GC heap before
{Heap before GC invocations=609 (full 9):
 PSYoungGen      total 70656K, used 70272K [0x0000000795580000, 0x000000079a500000, 0x00000007c0000000)
  eden space 67072K, 100% used [0x0000000795580000,0x0000000799700000,0x0000000799700000)
  from space 3584K, 89% used [0x0000000799880000,0x0000000799ba0010,0x0000000799c00000)
  to   space 7168K, 0% used [0x0000000799e00000,0x0000000799e00000,0x000000079a500000)
 ParOldGen       total 88064K, used 59949K [0x0000000740000000, 0x0000000745600000, 0x0000000795580000)
  object space 88064K, 68% used [0x0000000740000000,0x0000000743a8b590,0x0000000745600000)
 Metaspace       used 55762K, capacity 60244K, committed 60544K, reserved 1101824K
  class space    used 7669K, capacity 8470K, committed 8576K, reserved 1048576K
Event: 1174.810 GC heap after
Heap after GC invocations=609 (full 9):
 PSYoungGen      total 71168K, used 1824K [0x0000000795580000, 0x000000079a380000, 0x00000007c0000000)
  eden space 65536K, 0% used [0x0000000795580000,0x0000000795580000,0x0000000799580000)
  from space 5632K, 32% used [0x0000000799e00000,0x0000000799fc8010,0x000000079a380000)
  to   space 7168K, 0% used [0x0000000799580000,0x0000000799580000,0x0000000799c80000)
 ParOldGen       total 88064K, used 59997K [0x0000000740000000, 0x0000000745600000, 0x0000000795580000)
  object space 88064K, 68% used [0x0000000740000000,0x0000000743a974e0,0x0000000745600000)
 Metaspace       used 55762K, capacity 60244K, committed 60544K, reserved 1101824K
  class space    used 7669K, capacity 8470K, committed 8576K, reserved 1048576K
}
Event: 1176.736 GC heap before
{Heap before GC invocations=610 (full 9):
 PSYoungGen      total 71168K, used 67360K [0x0000000795580000, 0x000000079a380000, 0x00000007c0000000)
  eden space 65536K, 100% used [0x0000000795580000,0x0000000799580000,0x0000000799580000)
  from space 5632K, 32% used [0x0000000799e00000,0x0000000799fc8010,0x000000079a380000)
  to   space 7168K, 0% used [0x0000000799580000,0x0000000799580000,0x0000000799c80000)
 ParOldGen       total 88064K, used 59997K [0x0000000740000000, 0x0000000745600000, 0x0000000795580000)
  object space 88064K, 68% used [0x0000000740000000,0x0000000743a974e0,0x0000000745600000)
 Metaspace       used 55762K, capacity 60244K, committed 60544K, reserved 1101824K
  class space    used 7669K, capacity 8470K, committed 8576K, reserved 1048576K
Event: 1176.740 GC heap after
Heap after GC invocations=610 (full 9):
 PSYoungGen      total 67584K, used 3424K [0x0000000795580000, 0x000000079a100000, 0x00000007c0000000)
  eden space 64000K, 0% used [0x0000000795580000,0x0000000795580000,0x0000000799400000)
  from space 3584K, 95% used [0x0000000799580000,0x00000007998d8010,0x0000000799900000)
  to   space 6656K, 0% used [0x0000000799a80000,0x0000000799a80000,0x000000079a100000)
 ParOldGen       total 88064K, used 60060K [0x0000000740000000, 0x0000000745600000, 0x0000000795580000)
  object space 88064K, 68% used [0x0000000740000000,0x0000000743aa7380,0x0000000745600000)
 Metaspace       used 55762K, capacity 60244K, committed 60544K, reserved 1101824K
  class space    used 7669K, capacity 8470K, committed 8576K, reserved 1048576K
}
Event: 1179.246 GC heap before
{Heap before GC invocations=611 (full 9):
 PSYoungGen      total 67584K, used 67424K [0x0000000795580000, 0x000000079a100000, 0x00000007c0000000)
  eden space 64000K, 100% used [0x0000000795580000,0x0000000799400000,0x0000000799400000)
  from space 3584K, 95% used [0x0000000799580000,0x00000007998d8010,0x0000000799900000)
  to   space 6656K, 0% used [0x0000000799a80000,0x0000000799a80000,0x000000079a100000)
 ParOldGen       total 88064K, used 60060K [0x0000000740000000, 0x0000000745600000, 0x0000000795580000)
  object space 88064K, 68% used [0x0000000740000000,0x0000000743aa7380,0x0000000745600000)
 Metaspace       used 55762K, capacity 60244K, committed 60544K, reserved 1101824K
  class space    used 7669K, capacity 8470K, committed 8576K, reserved 1048576K
Event: 1179.251 GC heap after
Heap after GC invocations=611 (full 9):
 PSYoungGen      total 67584K, used 1888K [0x0000000795580000, 0x0000000799f80000, 0x00000007c0000000)
  eden space 62464K, 0% used [0x0000000795580000,0x0000000795580000,0x0000000799280000)
  from space 5120K, 36% used [0x0000000799a80000,0x0000000799c58010,0x0000000799f80000)
  to   space 6656K, 0% used [0x0000000799280000,0x0000000799280000,0x0000000799900000)
 ParOldGen       total 88064K, used 60060K [0x0000000740000000, 0x0000000745600000, 0x0000000795580000)
  object space 88064K, 68% used [0x0000000740000000,0x0000000743aa7380,0x0000000745600000)
 Metaspace       used 55762K, capacity 60244K, committed 60544K, reserved 1101824K
  class space    used 7669K, capacity 8470K, committed 8576K, reserved 1048576K
}
Event: 1180.935 GC heap before
{Heap before GC invocations=612 (full 9):
 PSYoungGen      total 67584K, used 64352K [0x0000000795580000, 0x0000000799f80000, 0x00000007c0000000)
  eden space 62464K, 100% used [0x0000000795580000,0x0000000799280000,0x0000000799280000)
  from space 5120K, 36% used [0x0000000799a80000,0x0000000799c58010,0x0000000799f80000)
  to   space 6656K, 0% used [0x0000000799280000,0x0000000799280000,0x0000000799900000)
 ParOldGen       total 88064K, used 60060K [0x0000000740000000, 0x0000000745600000, 0x0000000795580000)
  object space 88064K, 68% used [0x0000000740000000,0x0000000743aa7380,0x0000000745600000)
 Metaspace       used 55762K, capacity 60244K, committed 60544K, reserved 1101824K
  class space    used 7669K, capacity 8470K, committed 8576K, reserved 1048576K
Event: 1180.939 GC heap after
Heap after GC invocations=612 (full 9):
 PSYoungGen      total 65024K, used 3360K [0x0000000795580000, 0x0000000799e80000, 0x00000007c0000000)
  eden space 61440K, 0% used [0x0000000795580000,0x0000000795580000,0x0000000799180000)
  from space 3584K, 93% used [0x0000000799280000,0x00000007995c8010,0x0000000799600000)
  to   space 6656K, 0% used [0x0000000799800000,0x0000000799800000,0x0000000799e80000)
 ParOldGen       total 88064K, used 60092K [0x0000000740000000, 0x0000000745600000, 0x0000000795580000)
  object space 88064K, 68% used [0x0000000740000000,0x0000000743aaf380,0x0000000745600000)
 Metaspace       used 55762K, capacity 60244K, committed 60544K, reserved 1101824K
  class space    used 7669K, capacity 8470K, committed 8576K, reserved 1048576K
}

